<?xml version="1.0" encoding="UTF-8"?>
<testng-results ignored="0" total="1" passed="1" failed="0" skipped="0">
  <reporter-output>
  </reporter-output>
  <suite started-at="2024-09-12T22:06:03 IST" name="Default suite" finished-at="2024-09-12T22:06:18 IST" duration-ms="14996">
    <groups>
    </groups>
    <test started-at="2024-09-12T22:06:03 IST" name="Default test" finished-at="2024-09-12T22:06:18 IST" duration-ms="14996">
      <class name="com.raft.test.TC_01_Searching_Shirt">
        <test-method is-config="true" signature="Launching()[pri:0, instance:com.raft.test.TC_01_Searching_Shirt@1de5f259]" started-at="2024-09-12T22:06:03 IST" name="Launching" finished-at="2024-09-12T22:06:14 IST" duration-ms="11155" status="PASS">
          <reporter-output>
          </reporter-output>
        </test-method> <!-- Launching -->
        <test-method signature="TC_01()[pri:0, instance:com.raft.test.TC_01_Searching_Shirt@1de5f259]" started-at="2024-09-12T22:06:14 IST" name="TC_01" finished-at="2024-09-12T22:06:15 IST" duration-ms="626" status="PASS">
          <reporter-output>
          </reporter-output>
        </test-method> <!-- TC_01 -->
        <test-method is-config="true" signature="closing()[pri:0, instance:com.raft.test.TC_01_Searching_Shirt@1de5f259]" started-at="2024-09-12T22:06:15 IST" name="closing" finished-at="2024-09-12T22:06:18 IST" duration-ms="3158" status="PASS">
          <reporter-output>
          </reporter-output>
        </test-method> <!-- closing -->
      </class> <!-- com.raft.test.TC_01_Searching_Shirt -->
    </test> <!-- Default test -->
  </suite> <!-- Default suite -->
</testng-results>
